2017-10-29 13:48:08,949 INFO o.a.j.u.JMeterUtils: Setting Locale to en_US
2017-10-29 13:48:08,972 INFO o.a.j.JMeter: Loading user properties from: user.properties
2017-10-29 13:48:08,973 INFO o.a.j.JMeter: Loading system properties from: system.properties
2017-10-29 13:48:08,982 INFO o.a.j.JMeter: Copyright (c) 1998-2017 The Apache Software Foundation
2017-10-29 13:48:08,982 INFO o.a.j.JMeter: Version 3.3 r1808647
2017-10-29 13:48:08,982 INFO o.a.j.JMeter: java.version=1.8.0_144
2017-10-29 13:48:08,982 INFO o.a.j.JMeter: java.vm.name=Java HotSpot(TM) 64-Bit Server VM
2017-10-29 13:48:08,983 INFO o.a.j.JMeter: os.name=Windows 10
2017-10-29 13:48:08,983 INFO o.a.j.JMeter: os.arch=amd64
2017-10-29 13:48:08,983 INFO o.a.j.JMeter: os.version=10.0
2017-10-29 13:48:08,984 INFO o.a.j.JMeter: file.encoding=Cp1252
2017-10-29 13:48:08,984 INFO o.a.j.JMeter: Max memory     =536870912
2017-10-29 13:48:08,984 INFO o.a.j.JMeter: Available Processors =4
2017-10-29 13:48:08,988 INFO o.a.j.JMeter: Default Locale=English (United States)
2017-10-29 13:48:08,989 INFO o.a.j.JMeter: JMeter  Locale=English (United States)
2017-10-29 13:48:08,989 INFO o.a.j.JMeter: JMeterHome=D:\apache-jmeter-3.3
2017-10-29 13:48:08,989 INFO o.a.j.JMeter: user.dir  =D:\apache-jmeter-3.3\bin
2017-10-29 13:48:08,989 INFO o.a.j.JMeter: PWD       =D:\apache-jmeter-3.3\bin
2017-10-29 13:48:08,990 INFO o.a.j.JMeter: IP: 192.168.0.124 Name: ANHLE-PC FullName: ANHLE-PC
2017-10-29 13:48:09,686 INFO o.a.j.g.a.LookAndFeelCommand: Using look and feel: javax.swing.plaf.metal.MetalLookAndFeel [Metal, CrossPlatform]
2017-10-29 13:48:09,698 INFO o.a.j.JMeter: Loaded icon properties from org/apache/jmeter/images/icon.properties
2017-10-29 13:48:10,942 INFO o.a.j.e.u.CompoundVariable: Note: Function class names must contain the string: '.functions.'
2017-10-29 13:48:10,943 INFO o.a.j.e.u.CompoundVariable: Note: Function class names must not contain the string: '.gui.'
2017-10-29 13:48:15,022 INFO o.a.j.g.u.MenuFactory: Skipping org.apache.jmeter.assertions.BSFAssertion
2017-10-29 13:48:16,445 INFO o.a.j.g.u.MenuFactory: Skipping org.apache.jmeter.extractor.BSFPostProcessor
2017-10-29 13:48:16,520 INFO o.a.j.g.u.MenuFactory: Skipping org.apache.jmeter.modifiers.BSFPreProcessor
2017-10-29 13:48:16,610 INFO o.a.j.p.h.s.HTTPSamplerBase: Parser for text/html is org.apache.jmeter.protocol.http.parser.LagartoBasedHtmlParser
2017-10-29 13:48:16,610 INFO o.a.j.p.h.s.HTTPSamplerBase: Parser for application/xhtml+xml is org.apache.jmeter.protocol.http.parser.LagartoBasedHtmlParser
2017-10-29 13:48:16,610 INFO o.a.j.p.h.s.HTTPSamplerBase: Parser for application/xml is org.apache.jmeter.protocol.http.parser.LagartoBasedHtmlParser
2017-10-29 13:48:16,610 INFO o.a.j.p.h.s.HTTPSamplerBase: Parser for text/xml is org.apache.jmeter.protocol.http.parser.LagartoBasedHtmlParser
2017-10-29 13:48:16,611 INFO o.a.j.p.h.s.HTTPSamplerBase: Parser for text/vnd.wap.wml is org.apache.jmeter.protocol.http.parser.RegexpHTMLParser
2017-10-29 13:48:16,611 INFO o.a.j.p.h.s.HTTPSamplerBase: Parser for text/css is org.apache.jmeter.protocol.http.parser.CssParser
2017-10-29 13:48:17,047 INFO o.a.j.e.KeyToolUtils: Exception checking for keytool existence, will return false, try another way.
2017-10-29 13:48:17,956 INFO o.a.j.e.KeyToolUtils: keytool found at 'C:\Program Files\Java\jre1.8.0_144\bin\keytool'
2017-10-29 13:48:17,957 INFO o.a.j.p.h.p.ProxyControl: HTTP(S) Test Script Recorder SSL Proxy will use keys that support embedded 3rd party resources in file D:\apache-jmeter-3.3\bin\proxyserver.jks
2017-10-29 13:48:18,412 INFO o.a.j.g.u.MenuFactory: Skipping org.apache.jmeter.protocol.java.sampler.BSFSampler
2017-10-29 13:48:18,560 INFO o.a.j.s.FileServer: Default base='D:\apache-jmeter-3.3\bin'
2017-10-29 13:48:18,946 INFO o.a.j.g.u.MenuFactory: Skipping org.apache.jmeter.protocol.mongodb.config.MongoSourceElement
2017-10-29 13:48:18,947 INFO o.a.j.g.u.MenuFactory: Skipping org.apache.jmeter.protocol.mongodb.sampler.MongoScriptSampler
2017-10-29 13:48:19,661 INFO o.a.j.g.u.MenuFactory: Skipping org.apache.jmeter.timers.BSFTimer
2017-10-29 13:48:19,740 INFO o.a.j.g.u.MenuFactory: Skipping org.apache.jmeter.visualizers.BSFListener
2017-10-29 13:48:20,058 INFO o.a.j.s.SampleResult: Note: Sample TimeStamps are START times
2017-10-29 13:48:20,058 INFO o.a.j.s.SampleResult: sampleresult.default.encoding is set to ISO-8859-1
2017-10-29 13:48:20,059 INFO o.a.j.s.SampleResult: sampleresult.useNanoTime=true
2017-10-29 13:48:20,059 INFO o.a.j.s.SampleResult: sampleresult.nanoThreadSleep=5000
2017-10-29 13:48:20,348 INFO o.j.r.PluginManager: Plugins Status: [jpgc-plugins-manager=0.16, jmeter-core=3.3, jmeter-ftp=3.3, jmeter-http=3.3, jmeter-jdbc=3.3, jmeter-jms=3.3, jmeter-junit=3.3, jmeter-java=3.3, jmeter-ldap=3.3, jmeter-mail=3.3, jmeter-mongodb=3.3, jmeter-native=3.3, jmeter-tcp=3.3, jmeter-components=3.3]
